<?xml version="1.0" encoding="UTF-8"?>
<testsuite name="com.example.project.TestTriangle" tests="3" skipped="0" failures="0" errors="0" timestamp="2025-01-07T16:29:41" hostname="codespaces-07c507" time="0.03">
  <properties/>
  <testcase name="testConstructorAndGetVertices()" classname="com.example.project.TestTriangle" time="0.003"/>
  <testcase name="testTriangleInfo()" classname="com.example.project.TestTriangle" time="0.025"/>
  <testcase name="testPerimeter()" classname="com.example.project.TestTriangle" time="0.0"/>
  <system-out><![CDATA[]]></system-out>
  <system-err><![CDATA[]]></system-err>
</testsuite>
