<?xml version="1.0" encoding="UTF-8"?>
<testsuite name="com.example.project.TestHorseBarn" tests="3" skipped="0" failures="0" errors="0" timestamp="2025-01-09T04:27:07" hostname="codespaces-07c507" time="0.049">
  <properties/>
  <testcase name="testHorseBarnConstructorAndGetStalls()" classname="com.example.project.TestHorseBarn" time="0.031"/>
  <testcase name="testPlaceHorseAndFindHorseStall()" classname="com.example.project.TestHorseBarn" time="0.012"/>
  <testcase name="testConsolidate()" classname="com.example.project.TestHorseBarn" time="0.002"/>
  <system-out><![CDATA[]]></system-out>
  <system-err><![CDATA[]]></system-err>
</testsuite>
